============================= test session starts ==============================
platform darwin -- Python 3.13.7, pytest-8.4.2, pluggy-1.6.0 -- /Users/tasmiyafathima/Documents/exercise_2/venv/bin/python3.13
cachedir: .pytest_cache
rootdir: /Users/tasmiyafathima/Documents/exercise_2
plugins: cov-7.0.0
collecting ... collected 8 items

part2_tests/tests_iteration_0/test_inventory_pricing_analysis.py::test_inventory_pricing_analysis_1 PASSED [ 12%]
part2_tests/tests_iteration_0/test_inventory_pricing_analysis.py::test_inventory_pricing_analysis_2 PASSED [ 25%]
part2_tests/tests_iteration_0/test_inventory_pricing_analysis.py::test_inventory_pricing_analysis_3 PASSED [ 37%]
part2_tests/tests_iteration_0/test_inventory_pricing_analysis.py::test_inventory_pricing_analysis_4 PASSED [ 50%]
part2_tests/tests_iteration_0/test_inventory_pricing_analysis.py::test_inventory_pricing_analysis_5 PASSED [ 62%]
part2_tests/tests_iteration_0/test_inventory_pricing_analysis.py::test_inventory_pricing_analysis_6 PASSED [ 75%]
part2_tests/tests_iteration_0/test_inventory_pricing_analysis.py::test_inventory_pricing_analysis_7 FAILED [ 87%]
part2_tests/tests_iteration_0/test_inventory_pricing_analysis.py::test_inventory_pricing_analysis_8 FAILED [100%]

=================================== FAILURES ===================================
______________________ test_inventory_pricing_analysis_7 _______________________

    def test_inventory_pricing_analysis_7():  # price=50 boundary
        items = [
            ("ItemE", 5, 50),
            ("ItemF", 5, 50),
            ("ItemG", 0, 120)
        ]
>       assert inventory_pricing_analysis(items) == [
            ("ItemE", "Standard"),  # This will fail due to the bug
            ("ItemF", "Standard")
        ]
E       AssertionError: assert [('ItemE', 'D..., 'Discount')] == [('ItemE', 'S..., 'Standard')]
E         
E         At index 0 diff: ('ItemE', 'Discount') != ('ItemE', 'Standard')
E         
E         Full diff:
E           [
E               (
E                   'ItemE',...
E         
E         ...Full output truncated (9 lines hidden), use '-vv' to show

part2_tests/tests_iteration_0/test_inventory_pricing_analysis.py:79: AssertionError
______________________ test_inventory_pricing_analysis_8 _______________________

    def test_inventory_pricing_analysis_8():
        items = [
            ("ItemH", 3, 50),
            ("ItemI", 2, 50),
            ("ItemJ", 0, 150)
        ]
>       assert inventory_pricing_analysis(items) == [
            ("ItemH", "Standard"),  # This will fail due to the bug
            ("ItemI", "Standard")
        ]
E       AssertionError: assert [('ItemH', 'D..., 'Discount')] == [('ItemH', 'S..., 'Standard')]
E         
E         At index 0 diff: ('ItemH', 'Discount') != ('ItemH', 'Standard')
E         
E         Full diff:
E           [
E               (
E                   'ItemH',...
E         
E         ...Full output truncated (9 lines hidden), use '-vv' to show

part2_tests/tests_iteration_0/test_inventory_pricing_analysis.py:90: AssertionError
- generated xml file: /Users/tasmiyafathima/Documents/exercise_2/reports_part2/junit_all_iteration_0.xml -
================================ tests coverage ================================
_______________ coverage: platform darwin, python 3.13.7-final-0 _______________

Coverage XML written to file reports_part2/coverage_all_iteration_0.xml
=========================== short test summary info ============================
FAILED part2_tests/tests_iteration_0/test_inventory_pricing_analysis.py::test_inventory_pricing_analysis_7
FAILED part2_tests/tests_iteration_0/test_inventory_pricing_analysis.py::test_inventory_pricing_analysis_8
========================= 2 failed, 6 passed in 0.03s ==========================
