<?xml version="1.0" encoding="utf-8"?><testsuites name="pytest tests"><testsuite name="pytest" errors="0" failures="0" skipped="0" tests="8" time="0.035" timestamp="2025-11-10T13:13:17.655700-05:00" hostname="Tasmiyas-MacBook-Pro.local"><testcase classname="part2_tests.tests_iteration_0.test_student_grade_analysis" name="test_student_grade_analysis_1" time="0.000" /><testcase classname="part2_tests.tests_iteration_0.test_student_grade_analysis" name="test_student_grade_analysis_2" time="0.000" /><testcase classname="part2_tests.tests_iteration_0.test_student_grade_analysis" name="test_student_grade_analysis_3" time="0.000" /><testcase classname="part2_tests.tests_iteration_0.test_student_grade_analysis" name="test_student_grade_analysis_4" time="0.000" /><testcase classname="part2_tests.tests_iteration_0.test_student_grade_analysis" name="test_student_grade_analysis_5" time="0.000" /><testcase classname="part2_tests.tests_iteration_0.test_student_grade_analysis" name="test_student_grade_analysis_6" time="0.000" /><testcase classname="part2_tests.tests_iteration_0.test_student_grade_analysis" name="test_student_grade_analysis_7" time="0.000" /><testcase classname="part2_tests.tests_iteration_0.test_student_grade_analysis" name="test_student_grade_analysis_8" time="0.000" /></testsuite></testsuites>