<?xml version="1.0" encoding="utf-8"?><testsuites name="pytest tests"><testsuite name="pytest" errors="0" failures="0" skipped="0" tests="8" time="0.029" timestamp="2025-11-10T10:46:12.821180-05:00" hostname="Tasmiyas-MacBook-Pro.local"><testcase classname="part2_tests.tests_iteration_0.test_inventory_pricing_analysis" name="test_inventory_pricing_analysis_1" time="0.000" /><testcase classname="part2_tests.tests_iteration_0.test_inventory_pricing_analysis" name="test_inventory_pricing_analysis_2" time="0.000" /><testcase classname="part2_tests.tests_iteration_0.test_inventory_pricing_analysis" name="test_inventory_pricing_analysis_3" time="0.000" /><testcase classname="part2_tests.tests_iteration_0.test_inventory_pricing_analysis" name="test_inventory_pricing_analysis_4" time="0.000" /><testcase classname="part2_tests.tests_iteration_0.test_inventory_pricing_analysis" name="test_inventory_pricing_analysis_5" time="0.000" /><testcase classname="part2_tests.tests_iteration_0.test_inventory_pricing_analysis" name="test_inventory_pricing_analysis_6" time="0.000" /><testcase classname="part2_tests.tests_iteration_0.test_inventory_pricing_analysis" name="test_inventory_pricing_analysis_7" time="0.000" /><testcase classname="part2_tests.tests_iteration_0.test_inventory_pricing_analysis" name="test_inventory_pricing_analysis_8" time="0.000" /></testsuite></testsuites>