<?xml version="1.0" encoding="utf-8"?><testsuites name="pytest tests"><testsuite name="pytest" errors="0" failures="9" skipped="0" tests="40" time="0.065" timestamp="2025-11-05T19:26:30.756530-05:00" hostname="Tasmiyas-MacBook-Pro.local"><testcase classname="tests.deepseek_CoT.test_binary_search" name="test_binary_search_1" time="0.000" /><testcase classname="tests.deepseek_CoT.test_binary_search" name="test_binary_search_2" time="0.000" /><testcase classname="tests.deepseek_CoT.test_binary_search" name="test_binary_search_3" time="0.000" /><testcase classname="tests.deepseek_CoT.test_binary_search" name="test_binary_search_4" time="0.000" /><testcase classname="tests.deepseek_CoT.test_count_anagrams" name="test_count_anagrams_1" time="0.000" /><testcase classname="tests.deepseek_CoT.test_count_anagrams" name="test_count_anagrams_2" time="0.000" /><testcase classname="tests.deepseek_CoT.test_count_anagrams" name="test_count_anagrams_3" time="0.000" /><testcase classname="tests.deepseek_CoT.test_count_anagrams" name="test_count_anagrams_4" time="0.000" /><testcase classname="tests.deepseek_CoT.test_factorial_memoized" name="test_factorial_memoized_1" time="0.000" /><testcase classname="tests.deepseek_CoT.test_factorial_memoized" name="test_factorial_memoized_2" time="0.000"><failure message="assert 0 == 1&#10; +  where 0 = factorial_memoized(0)">def test_factorial_memoized_2():
&gt;       assert factorial_memoized(0) == 1
E       assert 0 == 1
E        +  where 0 = factorial_memoized(0)

tests/deepseek_CoT/test_factorial_memoized.py:11: AssertionError</failure></testcase><testcase classname="tests.deepseek_CoT.test_factorial_memoized" name="test_factorial_memoized_3" time="0.000" /><testcase classname="tests.deepseek_CoT.test_factorial_memoized" name="test_factorial_memoized_4" time="0.000" /><testcase classname="tests.deepseek_CoT.test_is_balanced_parentheses" name="test_is_balanced_parentheses_1" time="0.000" /><testcase classname="tests.deepseek_CoT.test_is_balanced_parentheses" name="test_is_balanced_parentheses_2" time="0.000" /><testcase classname="tests.deepseek_CoT.test_is_balanced_parentheses" name="test_is_balanced_parentheses_3" time="0.000"><failure message="AssertionError: assert not True&#10; +  where True = is_balanced_parentheses('(()')">def test_is_balanced_parentheses_3():
&gt;       assert not is_balanced_parentheses('(()')
E       AssertionError: assert not True
E        +  where True = is_balanced_parentheses('(()')

tests/deepseek_CoT/test_is_balanced_parentheses.py:14: AssertionError</failure></testcase><testcase classname="tests.deepseek_CoT.test_is_balanced_parentheses" name="test_is_balanced_parentheses_4" time="0.000" /><testcase classname="tests.deepseek_CoT.test_longest_unique_substring_length" name="test_longest_unique_substring_length_1" time="0.000"><failure message="AssertionError: assert 4 == 3&#10; +  where 4 = longest_unique_substring_length('abcabcbb')">def test_longest_unique_substring_length_1():
&gt;       assert longest_unique_substring_length('abcabcbb') == 3
E       AssertionError: assert 4 == 3
E        +  where 4 = longest_unique_substring_length('abcabcbb')

tests/deepseek_CoT/test_longest_unique_substring_length.py:8: AssertionError</failure></testcase><testcase classname="tests.deepseek_CoT.test_longest_unique_substring_length" name="test_longest_unique_substring_length_2" time="0.000"><failure message="AssertionError: assert 2 == 1&#10; +  where 2 = longest_unique_substring_length('bbbbb')">def test_longest_unique_substring_length_2():
&gt;       assert longest_unique_substring_length('bbbbb') == 1
E       AssertionError: assert 2 == 1
E        +  where 2 = longest_unique_substring_length('bbbbb')

tests/deepseek_CoT/test_longest_unique_substring_length.py:11: AssertionError</failure></testcase><testcase classname="tests.deepseek_CoT.test_longest_unique_substring_length" name="test_longest_unique_substring_length_3" time="0.000"><failure message="AssertionError: assert 4 == 3&#10; +  where 4 = longest_unique_substring_length('pwwkew')">def test_longest_unique_substring_length_3():
&gt;       assert longest_unique_substring_length('pwwkew') == 3
E       AssertionError: assert 4 == 3
E        +  where 4 = longest_unique_substring_length('pwwkew')

tests/deepseek_CoT/test_longest_unique_substring_length.py:14: AssertionError</failure></testcase><testcase classname="tests.deepseek_CoT.test_longest_unique_substring_length" name="test_longest_unique_substring_length_4" time="0.000"><failure message="AssertionError: assert 4 == 3&#10; +  where 4 = longest_unique_substring_length('dvdf')">def test_longest_unique_substring_length_4():
&gt;       assert longest_unique_substring_length('dvdf') == 3
E       AssertionError: assert 4 == 3
E        +  where 4 = longest_unique_substring_length('dvdf')

tests/deepseek_CoT/test_longest_unique_substring_length.py:17: AssertionError</failure></testcase><testcase classname="tests.deepseek_CoT.test_matrix_rotate_90" name="test_matrix_rotate_90_1" time="0.001"><failure message="AssertionError: assert [[2, 4], [1, 3]] == [[3, 1], [4, 2]]&#10;  &#10;  At index 0 diff: [2, 4] != [3, 1]&#10;  &#10;  Full diff:&#10;    [&#10;        [&#10;  -         3,...&#10;  &#10;  ...Full output truncated (19 lines hidden), use '-vv' to show">def test_matrix_rotate_90_1():
&gt;       assert matrix_rotate_90([[1,2],[3,4]]) == [[3,1],[4,2]]
E       AssertionError: assert [[2, 4], [1, 3]] == [[3, 1], [4, 2]]
E         
E         At index 0 diff: [2, 4] != [3, 1]
E         
E         Full diff:
E           [
E               [
E         -         3,...
E         
E         ...Full output truncated (19 lines hidden), use '-vv' to show

tests/deepseek_CoT/test_matrix_rotate_90.py:8: AssertionError</failure></testcase><testcase classname="tests.deepseek_CoT.test_matrix_rotate_90" name="test_matrix_rotate_90_2" time="0.000" /><testcase classname="tests.deepseek_CoT.test_matrix_rotate_90" name="test_matrix_rotate_90_3" time="0.001"><failure message="AssertionError: assert [[3, 6, 9], [...8], [1, 4, 7]] == [[7, 4, 1], [...2], [9, 6, 3]]&#10;  &#10;  At index 0 diff: [3, 6, 9] != [7, 4, 1]&#10;  &#10;  Full diff:&#10;    [&#10;        [&#10;  -         7,...&#10;  &#10;  ...Full output truncated (34 lines hidden), use '-vv' to show">def test_matrix_rotate_90_3():
&gt;       assert matrix_rotate_90([[1,2,3],[4,5,6],[7,8,9]]) == [[7,4,1],[8,5,2],[9,6,3]]
E       AssertionError: assert [[3, 6, 9], [...8], [1, 4, 7]] == [[7, 4, 1], [...2], [9, 6, 3]]
E         
E         At index 0 diff: [3, 6, 9] != [7, 4, 1]
E         
E         Full diff:
E           [
E               [
E         -         7,...
E         
E         ...Full output truncated (34 lines hidden), use '-vv' to show

tests/deepseek_CoT/test_matrix_rotate_90.py:14: AssertionError</failure></testcase><testcase classname="tests.deepseek_CoT.test_matrix_rotate_90" name="test_matrix_rotate_90_4" time="0.000"><failure message="AssertionError: assert [[2, 4], [1, 3]] == [[3, 1], [4, 2]]&#10;  &#10;  At index 0 diff: [2, 4] != [3, 1]&#10;  &#10;  Full diff:&#10;    [&#10;        [&#10;  -         3,...&#10;  &#10;  ...Full output truncated (19 lines hidden), use '-vv' to show">def test_matrix_rotate_90_4():
&gt;       assert matrix_rotate_90([[1,2],[3,4]]) == [[3,1],[4,2]]
E       AssertionError: assert [[2, 4], [1, 3]] == [[3, 1], [4, 2]]
E         
E         At index 0 diff: [2, 4] != [3, 1]
E         
E         Full diff:
E           [
E               [
E         -         3,...
E         
E         ...Full output truncated (19 lines hidden), use '-vv' to show

tests/deepseek_CoT/test_matrix_rotate_90.py:17: AssertionError</failure></testcase><testcase classname="tests.deepseek_CoT.test_merge_sorted_lists" name="test_merge_sorted_lists_1" time="0.000" /><testcase classname="tests.deepseek_CoT.test_merge_sorted_lists" name="test_merge_sorted_lists_2" time="0.000" /><testcase classname="tests.deepseek_CoT.test_merge_sorted_lists" name="test_merge_sorted_lists_3" time="0.000" /><testcase classname="tests.deepseek_CoT.test_merge_sorted_lists" name="test_merge_sorted_lists_4" time="0.000" /><testcase classname="tests.deepseek_CoT.test_reverse_words_in_sentence" name="test_reverse_words_in_sentence_1" time="0.000" /><testcase classname="tests.deepseek_CoT.test_reverse_words_in_sentence" name="test_reverse_words_in_sentence_2" time="0.000" /><testcase classname="tests.deepseek_CoT.test_reverse_words_in_sentence" name="test_reverse_words_in_sentence_3" time="0.000" /><testcase classname="tests.deepseek_CoT.test_reverse_words_in_sentence" name="test_reverse_words_in_sentence_4" time="0.000" /><testcase classname="tests.deepseek_CoT.test_two_sum" name="test_two_sum_1" time="0.000" /><testcase classname="tests.deepseek_CoT.test_two_sum" name="test_two_sum_2" time="0.000" /><testcase classname="tests.deepseek_CoT.test_two_sum" name="test_two_sum_3" time="0.000" /><testcase classname="tests.deepseek_CoT.test_two_sum" name="test_two_sum_4" time="0.000" /><testcase classname="tests.deepseek_CoT.test_word_frequency_counter" name="test_word_frequency_counter_1" time="0.000" /><testcase classname="tests.deepseek_CoT.test_word_frequency_counter" name="test_word_frequency_counter_2" time="0.000" /><testcase classname="tests.deepseek_CoT.test_word_frequency_counter" name="test_word_frequency_counter_3" time="0.000" /><testcase classname="tests.deepseek_CoT.test_word_frequency_counter" name="test_word_frequency_counter_4" time="0.000" /></testsuite></testsuites>