<?xml version="1.0" encoding="utf-8"?><testsuites name="pytest tests"><testsuite name="pytest" errors="0" failures="6" skipped="0" tests="40" time="0.062" timestamp="2025-11-05T19:22:13.628549-05:00" hostname="Tasmiyas-MacBook-Pro.local"><testcase classname="tests.llama3_SelfDebug.test_binary_search" name="test_binary_search_1" time="0.000" /><testcase classname="tests.llama3_SelfDebug.test_binary_search" name="test_binary_search_2" time="0.000" /><testcase classname="tests.llama3_SelfDebug.test_binary_search" name="test_binary_search_3" time="0.000" /><testcase classname="tests.llama3_SelfDebug.test_binary_search" name="test_binary_search_4" time="0.000" /><testcase classname="tests.llama3_SelfDebug.test_count_anagrams" name="test_count_anagrams_1" time="0.000" /><testcase classname="tests.llama3_SelfDebug.test_count_anagrams" name="test_count_anagrams_2" time="0.001"><failure message="AssertionError: assert {6: 3} == {('e', 'i', '... 's', 't'): 3}&#10;  &#10;  Left contains 1 more item:&#10;  {6: 3}&#10;  Right contains 1 more item:&#10;  {('e', 'i', 'l', 'n', 's', 't'): 3}&#10;  &#10;  Full diff:...&#10;  &#10;  ...Full output truncated (4 lines hidden), use '-vv' to show">def test_count_anagrams_2():
&gt;       assert count_anagrams(['listen','silent','enlist']) == {('e','i','l','n','s','t'):3}
E       AssertionError: assert {6: 3} == {('e', 'i', '... 's', 't'): 3}
E         
E         Left contains 1 more item:
E         {6: 3}
E         Right contains 1 more item:
E         {('e', 'i', 'l', 'n', 's', 't'): 3}
E         
E         Full diff:...
E         
E         ...Full output truncated (4 lines hidden), use '-vv' to show

tests/llama3_SelfDebug/test_count_anagrams.py:11: AssertionError</failure></testcase><testcase classname="tests.llama3_SelfDebug.test_count_anagrams" name="test_count_anagrams_3" time="0.000" /><testcase classname="tests.llama3_SelfDebug.test_count_anagrams" name="test_count_anagrams_4" time="0.000"><failure message="AssertionError: assert {1: 3} == {('a',): 1, (... 1, ('c',): 1}&#10;  &#10;  Left contains 1 more item:&#10;  {1: 3}&#10;  Right contains 3 more items:&#10;  {('a',): 1, ('b',): 1, ('c',): 1}&#10;  &#10;  Full diff:...&#10;  &#10;  ...Full output truncated (6 lines hidden), use '-vv' to show">def test_count_anagrams_4():
&gt;       assert count_anagrams(['a','b','c']) == {('a',):1, ('b',):1, ('c',):1}
E       AssertionError: assert {1: 3} == {('a',): 1, (... 1, ('c',): 1}
E         
E         Left contains 1 more item:
E         {1: 3}
E         Right contains 3 more items:
E         {('a',): 1, ('b',): 1, ('c',): 1}
E         
E         Full diff:...
E         
E         ...Full output truncated (6 lines hidden), use '-vv' to show

tests/llama3_SelfDebug/test_count_anagrams.py:17: AssertionError</failure></testcase><testcase classname="tests.llama3_SelfDebug.test_factorial_memoized" name="test_factorial_memoized_1" time="0.000" /><testcase classname="tests.llama3_SelfDebug.test_factorial_memoized" name="test_factorial_memoized_2" time="0.000" /><testcase classname="tests.llama3_SelfDebug.test_factorial_memoized" name="test_factorial_memoized_3" time="0.000" /><testcase classname="tests.llama3_SelfDebug.test_factorial_memoized" name="test_factorial_memoized_4" time="0.000" /><testcase classname="tests.llama3_SelfDebug.test_is_balanced_parentheses" name="test_is_balanced_parentheses_1" time="0.000" /><testcase classname="tests.llama3_SelfDebug.test_is_balanced_parentheses" name="test_is_balanced_parentheses_2" time="0.000" /><testcase classname="tests.llama3_SelfDebug.test_is_balanced_parentheses" name="test_is_balanced_parentheses_3" time="0.000"><failure message="AssertionError: assert not True&#10; +  where True = is_balanced_parentheses('(()')">def test_is_balanced_parentheses_3():
&gt;       assert not is_balanced_parentheses('(()')
E       AssertionError: assert not True
E        +  where True = is_balanced_parentheses('(()')

tests/llama3_SelfDebug/test_is_balanced_parentheses.py:14: AssertionError</failure></testcase><testcase classname="tests.llama3_SelfDebug.test_is_balanced_parentheses" name="test_is_balanced_parentheses_4" time="0.000" /><testcase classname="tests.llama3_SelfDebug.test_longest_unique_substring_length" name="test_longest_unique_substring_length_1" time="0.000" /><testcase classname="tests.llama3_SelfDebug.test_longest_unique_substring_length" name="test_longest_unique_substring_length_2" time="0.000" /><testcase classname="tests.llama3_SelfDebug.test_longest_unique_substring_length" name="test_longest_unique_substring_length_3" time="0.000" /><testcase classname="tests.llama3_SelfDebug.test_longest_unique_substring_length" name="test_longest_unique_substring_length_4" time="0.000" /><testcase classname="tests.llama3_SelfDebug.test_matrix_rotate_90" name="test_matrix_rotate_90_1" time="0.001"><failure message="AssertionError: assert [[2, 4], [1, 3]] == [[3, 1], [4, 2]]&#10;  &#10;  At index 0 diff: [2, 4] != [3, 1]&#10;  &#10;  Full diff:&#10;    [&#10;        [&#10;  -         3,...&#10;  &#10;  ...Full output truncated (19 lines hidden), use '-vv' to show">def test_matrix_rotate_90_1():
&gt;       assert matrix_rotate_90([[1,2],[3,4]]) == [[3,1],[4,2]]
E       AssertionError: assert [[2, 4], [1, 3]] == [[3, 1], [4, 2]]
E         
E         At index 0 diff: [2, 4] != [3, 1]
E         
E         Full diff:
E           [
E               [
E         -         3,...
E         
E         ...Full output truncated (19 lines hidden), use '-vv' to show

tests/llama3_SelfDebug/test_matrix_rotate_90.py:8: AssertionError</failure></testcase><testcase classname="tests.llama3_SelfDebug.test_matrix_rotate_90" name="test_matrix_rotate_90_2" time="0.000" /><testcase classname="tests.llama3_SelfDebug.test_matrix_rotate_90" name="test_matrix_rotate_90_3" time="0.001"><failure message="AssertionError: assert [[3, 6, 9], [...8], [1, 4, 7]] == [[7, 4, 1], [...2], [9, 6, 3]]&#10;  &#10;  At index 0 diff: [3, 6, 9] != [7, 4, 1]&#10;  &#10;  Full diff:&#10;    [&#10;        [&#10;  -         7,...&#10;  &#10;  ...Full output truncated (34 lines hidden), use '-vv' to show">def test_matrix_rotate_90_3():
&gt;       assert matrix_rotate_90([[1,2,3],[4,5,6],[7,8,9]]) == [[7,4,1],[8,5,2],[9,6,3]]
E       AssertionError: assert [[3, 6, 9], [...8], [1, 4, 7]] == [[7, 4, 1], [...2], [9, 6, 3]]
E         
E         At index 0 diff: [3, 6, 9] != [7, 4, 1]
E         
E         Full diff:
E           [
E               [
E         -         7,...
E         
E         ...Full output truncated (34 lines hidden), use '-vv' to show

tests/llama3_SelfDebug/test_matrix_rotate_90.py:14: AssertionError</failure></testcase><testcase classname="tests.llama3_SelfDebug.test_matrix_rotate_90" name="test_matrix_rotate_90_4" time="0.000"><failure message="AssertionError: assert [[2, 4], [1, 3]] == [[3, 1], [4, 2]]&#10;  &#10;  At index 0 diff: [2, 4] != [3, 1]&#10;  &#10;  Full diff:&#10;    [&#10;        [&#10;  -         3,...&#10;  &#10;  ...Full output truncated (19 lines hidden), use '-vv' to show">def test_matrix_rotate_90_4():
&gt;       assert matrix_rotate_90([[1,2],[3,4]]) == [[3,1],[4,2]]
E       AssertionError: assert [[2, 4], [1, 3]] == [[3, 1], [4, 2]]
E         
E         At index 0 diff: [2, 4] != [3, 1]
E         
E         Full diff:
E           [
E               [
E         -         3,...
E         
E         ...Full output truncated (19 lines hidden), use '-vv' to show

tests/llama3_SelfDebug/test_matrix_rotate_90.py:17: AssertionError</failure></testcase><testcase classname="tests.llama3_SelfDebug.test_merge_sorted_lists" name="test_merge_sorted_lists_1" time="0.000" /><testcase classname="tests.llama3_SelfDebug.test_merge_sorted_lists" name="test_merge_sorted_lists_2" time="0.000" /><testcase classname="tests.llama3_SelfDebug.test_merge_sorted_lists" name="test_merge_sorted_lists_3" time="0.000" /><testcase classname="tests.llama3_SelfDebug.test_merge_sorted_lists" name="test_merge_sorted_lists_4" time="0.000" /><testcase classname="tests.llama3_SelfDebug.test_reverse_words_in_sentence" name="test_reverse_words_in_sentence_1" time="0.000" /><testcase classname="tests.llama3_SelfDebug.test_reverse_words_in_sentence" name="test_reverse_words_in_sentence_2" time="0.000" /><testcase classname="tests.llama3_SelfDebug.test_reverse_words_in_sentence" name="test_reverse_words_in_sentence_3" time="0.000" /><testcase classname="tests.llama3_SelfDebug.test_reverse_words_in_sentence" name="test_reverse_words_in_sentence_4" time="0.000" /><testcase classname="tests.llama3_SelfDebug.test_two_sum" name="test_two_sum_1" time="0.000" /><testcase classname="tests.llama3_SelfDebug.test_two_sum" name="test_two_sum_2" time="0.000" /><testcase classname="tests.llama3_SelfDebug.test_two_sum" name="test_two_sum_3" time="0.000" /><testcase classname="tests.llama3_SelfDebug.test_two_sum" name="test_two_sum_4" time="0.000" /><testcase classname="tests.llama3_SelfDebug.test_word_frequency_counter" name="test_word_frequency_counter_1" time="0.000" /><testcase classname="tests.llama3_SelfDebug.test_word_frequency_counter" name="test_word_frequency_counter_2" time="0.000" /><testcase classname="tests.llama3_SelfDebug.test_word_frequency_counter" name="test_word_frequency_counter_3" time="0.000" /><testcase classname="tests.llama3_SelfDebug.test_word_frequency_counter" name="test_word_frequency_counter_4" time="0.000" /></testsuite></testsuites>